# JRE version: OpenJDK Runtime Environment Microsoft-13106358 (17.0.18+8) (build 17.0.18+8-LTS)
# Java VM: OpenJDK 64-Bit Server VM Microsoft-13106358 (17.0.18+8-LTS, mixed mode, sharing, tiered, compressed oops, compressed class ptrs, g1 gc, windows-amd64)
GC Precious Log:
 CPUs: 12 total, 12 available
 Memory: 16310M
 Large Page Support: Disabled
 NUMA Support: Disabled
 Compressed Oops: Enabled (Zero based)
 Heap Region Size: 2M
 Heap Min Capacity: 8M
 Heap Initial Capacity: 256M
 Heap Max Capacity: 4078M
 Pre-touch: Disabled
 Parallel Workers: 10
 Concurrent Workers: 3
 Concurrent Refinement Workers: 10
 Periodic GC: Disabled
Heap:
 garbage-first heap   total 102400K, used 65540K [0x0000000701200000, 0x0000000800000000)
  region size 2048K, 16 young (32768K), 3 survivors (6144K)
 Metaspace       used 87228K, committed 88064K, reserved 1179648K
  class space    used 11892K, committed 12288K, reserved 1048576K
GC Heap History (20 events):
Event: 3.252 GC heap before
{Heap before GC invocations=10 (full 0):
 garbage-first heap   total 69632K, used 49070K [0x0000000701200000, 0x0000000800000000)
  region size 2048K, 14 young (28672K), 1 survivors (2048K)
 Metaspace       used 41779K, committed 42304K, reserved 1114112K
  class space    used 5636K, committed 5888K, reserved 1048576K
}
Event: 3.255 GC heap after
{Heap after GC invocations=11 (full 0):
 garbage-first heap   total 69632K, used 23472K [0x0000000701200000, 0x0000000800000000)
  region size 2048K, 2 young (4096K), 2 survivors (4096K)
 Metaspace       used 41779K, committed 42304K, reserved 1114112K
  class space    used 5636K, committed 5888K, reserved 1048576K
}
Event: 3.289 GC heap before
{Heap before GC invocations=11 (full 0):
 garbage-first heap   total 69632K, used 25520K [0x0000000701200000, 0x0000000800000000)
  region size 2048K, 3 young (6144K), 2 survivors (4096K)
 Metaspace       used 42539K, committed 43008K, reserved 1114112K
  class space    used 5707K, committed 5952K, reserved 1048576K
}
Event: 3.293 GC heap after
{Heap after GC invocations=12 (full 0):
 garbage-first heap   total 69632K, used 23530K [0x0000000701200000, 0x0000000800000000)
  region size 2048K, 1 young (2048K), 1 survivors (2048K)
 Metaspace       used 42539K, committed 43008K, reserved 1114112K
  class space    used 5707K, committed 5952K, reserved 1048576K
}
Event: 3.660 GC heap before
{Heap before GC invocations=12 (full 0):
 garbage-first heap   total 69632K, used 50154K [0x0000000701200000, 0x0000000800000000)
  region size 2048K, 14 young (28672K), 1 survivors (2048K)
 Metaspace       used 49778K, committed 50240K, reserved 1114112K
  class space    used 6644K, committed 6848K, reserved 1048576K
}
Event: 3.662 GC heap after
{Heap after GC invocations=13 (full 0):
 garbage-first heap   total 104448K, used 24783K [0x0000000701200000, 0x0000000800000000)
  region size 2048K, 1 young (2048K), 1 survivors (2048K)
 Metaspace       used 49778K, committed 50240K, reserved 1114112K
  class space    used 6644K, committed 6848K, reserved 1048576K
}
Event: 4.254 GC heap before
{Heap before GC invocations=13 (full 0):
 garbage-first heap   total 104448K, used 67791K [0x0000000701200000, 0x0000000800000000)
  region size 2048K, 23 young (47104K), 1 survivors (2048K)
 Metaspace       used 59842K, committed 60288K, reserved 1114112K
  class space    used 8177K, committed 8384K, reserved 1048576K
}
Event: 4.256 GC heap after
{Heap after GC invocations=14 (full 0):
 garbage-first heap   total 104448K, used 26284K [0x0000000701200000, 0x0000000800000000)
  region size 2048K, 2 young (4096K), 2 survivors (4096K)
 Metaspace       used 59842K, committed 60288K, reserved 1114112K
  class space    used 8177K, committed 8384K, reserved 1048576K
}
Event: 4.957 GC heap before
{Heap before GC invocations=15 (full 0):
 garbage-first heap   total 102400K, used 81580K [0x0000000701200000, 0x0000000800000000)
  region size 2048K, 29 young (59392K), 2 survivors (4096K)
 Metaspace       used 67626K, committed 68160K, reserved 1114112K
  class space    used 9268K, committed 9536K, reserved 1048576K
}
Event: 4.960 GC heap after
{Heap after GC invocations=16 (full 0):
 garbage-first heap   total 102400K, used 29915K [0x0000000701200000, 0x0000000800000000)
  region size 2048K, 4 young (8192K), 4 survivors (8192K)
 Metaspace       used 67626K, committed 68160K, reserved 1114112K
  class space    used 9268K, committed 9536K, reserved 1048576K
}
Event: 4.975 GC heap before
{Heap before GC invocations=16 (full 0):
 garbage-first heap   total 102400K, used 31963K [0x0000000701200000, 0x0000000800000000)
  region size 2048K, 5 young (10240K), 4 survivors (8192K)
 Metaspace       used 67680K, committed 68224K, reserved 1114112K
  class space    used 9271K, committed 9536K, reserved 1048576K
}
Event: 4.979 GC heap after
{Heap after GC invocations=17 (full 0):
 garbage-first heap   total 102400K, used 30700K [0x0000000701200000, 0x0000000800000000)
  region size 2048K, 1 young (2048K), 1 survivors (2048K)
 Metaspace       used 67680K, committed 68224K, reserved 1114112K
  class space    used 9271K, committed 9536K, reserved 1048576K
}
Event: 5.570 GC heap before
{Heap before GC invocations=17 (full 0):
 garbage-first heap   total 102400K, used 79852K [0x0000000701200000, 0x0000000800000000)
  region size 2048K, 25 young (51200K), 1 survivors (2048K)
 Metaspace       used 71656K, committed 72256K, reserved 1114112K
  class space    used 9818K, committed 10112K, reserved 1048576K
}
Event: 5.573 GC heap after
{Heap after GC invocations=18 (full 0):
 garbage-first heap   total 102400K, used 33021K [0x0000000701200000, 0x0000000800000000)
  region size 2048K, 2 young (4096K), 2 survivors (4096K)
 Metaspace       used 71656K, committed 72256K, reserved 1114112K
  class space    used 9818K, committed 10112K, reserved 1048576K
}
Event: 42.906 GC heap before
{Heap before GC invocations=19 (full 0):
 garbage-first heap   total 102400K, used 80125K [0x0000000701200000, 0x0000000800000000)
  region size 2048K, 25 young (51200K), 2 survivors (4096K)
 Metaspace       used 76552K, committed 77248K, reserved 1179648K
  class space    used 10440K, committed 10752K, reserved 1048576K
}
Event: 42.910 GC heap after
{Heap after GC invocations=20 (full 0):
 garbage-first heap   total 102400K, used 36345K [0x0000000701200000, 0x0000000800000000)
  region size 2048K, 4 young (8192K), 4 survivors (8192K)
 Metaspace       used 76552K, committed 77248K, reserved 1179648K
  class space    used 10440K, committed 10752K, reserved 1048576K
}
Event: 43.865 GC heap before
{Heap before GC invocations=20 (full 0):
 garbage-first heap   total 102400K, used 79353K [0x0000000701200000, 0x0000000800000000)
  region size 2048K, 25 young (51200K), 4 survivors (8192K)
 Metaspace       used 79703K, committed 80448K, reserved 1179648K
  class space    used 10832K, committed 11200K, reserved 1048576K
}
Event: 43.870 GC heap after
{Heap after GC invocations=21 (full 0):
 garbage-first heap   total 102400K, used 38710K [0x0000000701200000, 0x0000000800000000)
  region size 2048K, 4 young (8192K), 4 survivors (8192K)
 Metaspace       used 79703K, committed 80448K, reserved 1179648K
  class space    used 10832K, committed 11200K, reserved 1048576K
}
Event: 111.643 GC heap before
{Heap before GC invocations=21 (full 0):
 garbage-first heap   total 102400K, used 81718K [0x0000000701200000, 0x0000000800000000)
  region size 2048K, 25 young (51200K), 4 survivors (8192K)
 Metaspace       used 85009K, committed 85760K, reserved 1179648K
  class space    used 11597K, committed 11904K, reserved 1048576K
}
Event: 111.647 GC heap after
{Heap after GC invocations=22 (full 0):
 garbage-first heap   total 102400K, used 40964K [0x0000000701200000, 0x0000000800000000)
  region size 2048K, 3 young (6144K), 3 survivors (6144K)
 Metaspace       used 85009K, committed 85760K, reserved 1179648K
  class space    used 11597K, committed 11904K, reserved 1048576K
}

