# JRE version: OpenJDK Runtime Environment Microsoft-13106404 (21.0.10+7) (build 21.0.10+7-LTS)
# Java VM: OpenJDK 64-Bit Server VM Microsoft-13106404 (21.0.10+7-LTS, mixed mode, sharing, tiered, compressed oops, compressed class ptrs, g1 gc, windows-amd64)
GC Precious Log:
 CardTable entry size: 512
 Card Set container configuration: InlinePtr #cards 4 size 8 Array Of Cards #cards 16 size 48 Howl #buckets 8 coarsen threshold 3686 Howl Bitmap #cards 512 size 80 coarsen threshold 460 Card regions per heap region 1 cards per card region 4096
 CPUs: 12 total, 12 available
 Memory: 16310M
 Large Page Support: Disabled
 NUMA Support: Disabled
 Compressed Oops: Enabled (Zero based)
 Heap Region Size: 2M
 Heap Min Capacity: 8M
 Heap Initial Capacity: 256M
 Heap Max Capacity: 4078M
 Pre-touch: Disabled
 Parallel Workers: 10
 Concurrent Workers: 3
 Concurrent Refinement Workers: 10
 Periodic GC: Disabled
Heap:
 garbage-first heap   total 157696K, used 123620K [0x0000000701200000, 0x0000000800000000)
  region size 2048K, 29 young (59392K), 2 survivors (4096K)
 Metaspace       used 34548K, committed 35072K, reserved 1114112K
  class space    used 3841K, committed 4096K, reserved 1048576K
GC Heap History (19 events):
Event: 0.442 GC heap before
{Heap before GC invocations=0 (full 0):
 garbage-first heap   total 262144K, used 22528K [0x0000000701200000, 0x0000000800000000)
  region size 2048K, 11 young (22528K), 0 survivors (0K)
 Metaspace       used 5663K, committed 5824K, reserved 1114112K
  class space    used 671K, committed 768K, reserved 1048576K
}
Event: 0.445 GC heap after
{Heap after GC invocations=1 (full 0):
 garbage-first heap   total 262144K, used 3995K [0x0000000701200000, 0x0000000800000000)
  region size 2048K, 2 young (4096K), 2 survivors (4096K)
 Metaspace       used 5663K, committed 5824K, reserved 1114112K
  class space    used 671K, committed 768K, reserved 1048576K
}
Event: 0.837 GC heap before
{Heap before GC invocations=1 (full 0):
 garbage-first heap   total 262144K, used 36763K [0x0000000701200000, 0x0000000800000000)
  region size 2048K, 18 young (36864K), 2 survivors (4096K)
 Metaspace       used 10030K, committed 10176K, reserved 1114112K
  class space    used 1213K, committed 1280K, reserved 1048576K
}
Event: 0.841 GC heap after
{Heap after GC invocations=2 (full 0):
 garbage-first heap   total 262144K, used 5618K [0x0000000701200000, 0x0000000800000000)
  region size 2048K, 1 young (2048K), 1 survivors (2048K)
 Metaspace       used 10030K, committed 10176K, reserved 1114112K
  class space    used 1213K, committed 1280K, reserved 1048576K
}
Event: 2.803 GC heap before
{Heap before GC invocations=2 (full 0):
 garbage-first heap   total 262144K, used 159218K [0x0000000701200000, 0x0000000800000000)
  region size 2048K, 76 young (155648K), 1 survivors (2048K)
 Metaspace       used 18470K, committed 18752K, reserved 1114112K
  class space    used 2098K, committed 2240K, reserved 1048576K
}
Event: 2.812 GC heap after
{Heap after GC invocations=3 (full 0):
 garbage-first heap   total 262144K, used 17822K [0x0000000701200000, 0x0000000800000000)
  region size 2048K, 7 young (14336K), 7 survivors (14336K)
 Metaspace       used 18470K, committed 18752K, reserved 1114112K
  class space    used 2098K, committed 2240K, reserved 1048576K
}
Event: 3.113 GC heap before
{Heap before GC invocations=3 (full 0):
 garbage-first heap   total 262144K, used 42398K [0x0000000701200000, 0x0000000800000000)
  region size 2048K, 19 young (38912K), 7 survivors (14336K)
 Metaspace       used 21182K, committed 21504K, reserved 1114112K
  class space    used 2416K, committed 2560K, reserved 1048576K
}
Event: 3.122 GC heap after
{Heap after GC invocations=4 (full 0):
 garbage-first heap   total 262144K, used 27160K [0x0000000701200000, 0x0000000800000000)
  region size 2048K, 3 young (6144K), 3 survivors (6144K)
 Metaspace       used 21182K, committed 21504K, reserved 1114112K
  class space    used 2416K, committed 2560K, reserved 1048576K
}
Event: 3.919 GC heap before
{Heap before GC invocations=5 (full 0):
 garbage-first heap   total 96256K, used 94744K [0x0000000701200000, 0x0000000800000000)
  region size 2048K, 36 young (73728K), 3 survivors (6144K)
 Metaspace       used 28213K, committed 28544K, reserved 1114112K
  class space    used 3176K, committed 3328K, reserved 1048576K
}
Event: 3.931 GC heap after
{Heap after GC invocations=6 (full 0):
 garbage-first heap   total 118784K, used 40601K [0x0000000701200000, 0x0000000800000000)
  region size 2048K, 10 young (20480K), 10 survivors (20480K)
 Metaspace       used 28213K, committed 28544K, reserved 1114112K
  class space    used 3176K, committed 3328K, reserved 1048576K
}
Event: 4.405 GC heap before
{Heap before GC invocations=6 (full 0):
 garbage-first heap   total 118784K, used 89753K [0x0000000701200000, 0x0000000800000000)
  region size 2048K, 34 young (69632K), 10 survivors (20480K)
 Metaspace       used 30104K, committed 30464K, reserved 1114112K
  class space    used 3381K, committed 3520K, reserved 1048576K
}
Event: 4.416 GC heap after
{Heap after GC invocations=7 (full 0):
 garbage-first heap   total 118784K, used 44021K [0x0000000701200000, 0x0000000800000000)
  region size 2048K, 2 young (4096K), 2 survivors (4096K)
 Metaspace       used 30104K, committed 30464K, reserved 1114112K
  class space    used 3381K, committed 3520K, reserved 1048576K
}
Event: 4.743 GC heap before
{Heap before GC invocations=7 (full 0):
 garbage-first heap   total 118784K, used 97269K [0x0000000701200000, 0x0000000800000000)
  region size 2048K, 28 young (57344K), 2 survivors (4096K)
 Metaspace       used 31253K, committed 31616K, reserved 1114112K
  class space    used 3523K, committed 3648K, reserved 1048576K
}
Event: 4.748 GC heap after
{Heap after GC invocations=8 (full 0):
 garbage-first heap   total 118784K, used 43916K [0x0000000701200000, 0x0000000800000000)
  region size 2048K, 2 young (4096K), 2 survivors (4096K)
 Metaspace       used 31253K, committed 31616K, reserved 1114112K
  class space    used 3523K, committed 3648K, reserved 1048576K
}
Event: 5.434 GC heap before
{Heap before GC invocations=8 (full 0):
 garbage-first heap   total 118784K, used 97164K [0x0000000701200000, 0x0000000800000000)
  region size 2048K, 29 young (59392K), 2 survivors (4096K)
 Metaspace       used 32928K, committed 33408K, reserved 1114112K
  class space    used 3668K, committed 3904K, reserved 1048576K
}
Event: 5.442 GC heap after
{Heap after GC invocations=9 (full 0):
 garbage-first heap   total 118784K, used 46230K [0x0000000701200000, 0x0000000800000000)
  region size 2048K, 3 young (6144K), 3 survivors (6144K)
 Metaspace       used 32928K, committed 33408K, reserved 1114112K
  class space    used 3668K, committed 3904K, reserved 1048576K
}
Event: 5.771 GC heap before
{Heap before GC invocations=9 (full 0):
 garbage-first heap   total 118784K, used 103574K [0x0000000701200000, 0x0000000800000000)
  region size 2048K, 30 young (61440K), 3 survivors (6144K)
 Metaspace       used 33017K, committed 33536K, reserved 1114112K
  class space    used 3673K, committed 3904K, reserved 1048576K
}
Event: 5.792 GC heap after
{Heap after GC invocations=10 (full 0):
 garbage-first heap   total 157696K, used 68324K [0x0000000701200000, 0x0000000800000000)
  region size 2048K, 4 young (8192K), 4 survivors (8192K)
 Metaspace       used 33017K, committed 33536K, reserved 1114112K
  class space    used 3673K, committed 3904K, reserved 1048576K
}
Event: 6.259 GC heap before
{Heap before GC invocations=10 (full 0):
 garbage-first heap   total 157696K, used 123620K [0x0000000701200000, 0x0000000800000000)
  region size 2048K, 31 young (63488K), 4 survivors (8192K)
 Metaspace       used 34548K, committed 35072K, reserved 1114112K
  class space    used 3841K, committed 4096K, reserved 1048576K
}

