# JRE version: OpenJDK Runtime Environment Microsoft-13106404 (21.0.10+7) (build 21.0.10+7-LTS)
# Java VM: OpenJDK 64-Bit Server VM Microsoft-13106404 (21.0.10+7-LTS, mixed mode, sharing, tiered, compressed oops, compressed class ptrs, g1 gc, windows-amd64)
GC Precious Log:
 CardTable entry size: 512
 Card Set container configuration: InlinePtr #cards 4 size 8 Array Of Cards #cards 16 size 48 Howl #buckets 8 coarsen threshold 3686 Howl Bitmap #cards 512 size 80 coarsen threshold 460 Card regions per heap region 1 cards per card region 4096
 CPUs: 12 total, 12 available
 Memory: 16310M
 Large Page Support: Disabled
 NUMA Support: Disabled
 Compressed Oops: Enabled (Zero based)
 Heap Region Size: 2M
 Heap Min Capacity: 8M
 Heap Initial Capacity: 256M
 Heap Max Capacity: 4078M
 Pre-touch: Disabled
 Parallel Workers: 10
 Concurrent Workers: 3
 Concurrent Refinement Workers: 10
 Periodic GC: Disabled
Heap:
 garbage-first heap   total 77824K, used 69632K [0x0000000701200000, 0x0000000800000000)
  region size 2048K, 28 young (57344K), 4 survivors (8192K)
 Metaspace       used 38561K, committed 39104K, reserved 1114112K
  class space    used 4576K, committed 4800K, reserved 1048576K
GC Heap History (20 events):
Event: 0.370 GC heap after
{Heap after GC invocations=1 (full 0):
 garbage-first heap   total 262144K, used 7932K [0x0000000701200000, 0x0000000800000000)
  region size 2048K, 2 young (4096K), 2 survivors (4096K)
 Metaspace       used 3241K, committed 3392K, reserved 1114112K
  class space    used 299K, committed 384K, reserved 1048576K
}
Event: 0.602 GC heap before
{Heap before GC invocations=1 (full 0):
 garbage-first heap   total 262144K, used 34556K [0x0000000701200000, 0x0000000800000000)
  region size 2048K, 15 young (30720K), 2 survivors (4096K)
 Metaspace       used 5158K, committed 5376K, reserved 1114112K
  class space    used 458K, committed 576K, reserved 1048576K
}
Event: 0.605 GC heap after
{Heap after GC invocations=2 (full 0):
 garbage-first heap   total 262144K, used 9194K [0x0000000701200000, 0x0000000800000000)
  region size 2048K, 1 young (2048K), 1 survivors (2048K)
 Metaspace       used 5158K, committed 5376K, reserved 1114112K
  class space    used 458K, committed 576K, reserved 1048576K
}
Event: 1.915 GC heap before
{Heap before GC invocations=2 (full 0):
 garbage-first heap   total 262144K, used 162794K [0x0000000701200000, 0x0000000800000000)
  region size 2048K, 76 young (155648K), 1 survivors (2048K)
 Metaspace       used 15597K, committed 15872K, reserved 1114112K
  class space    used 1725K, committed 1856K, reserved 1048576K
}
Event: 1.920 GC heap after
{Heap after GC invocations=3 (full 0):
 garbage-first heap   total 262144K, used 12871K [0x0000000701200000, 0x0000000800000000)
  region size 2048K, 3 young (6144K), 3 survivors (6144K)
 Metaspace       used 15597K, committed 15872K, reserved 1114112K
  class space    used 1725K, committed 1856K, reserved 1048576K
}
Event: 2.442 GC heap before
{Heap before GC invocations=3 (full 0):
 garbage-first heap   total 262144K, used 102983K [0x0000000701200000, 0x0000000800000000)
  region size 2048K, 48 young (98304K), 3 survivors (6144K)
 Metaspace       used 21158K, committed 21504K, reserved 1114112K
  class space    used 2442K, committed 2624K, reserved 1048576K
}
Event: 2.447 GC heap after
{Heap after GC invocations=4 (full 0):
 garbage-first heap   total 262144K, used 14668K [0x0000000701200000, 0x0000000800000000)
  region size 2048K, 4 young (8192K), 4 survivors (8192K)
 Metaspace       used 21158K, committed 21504K, reserved 1114112K
  class space    used 2442K, committed 2624K, reserved 1048576K
}
Event: 2.594 GC heap before
{Heap before GC invocations=5 (full 0):
 garbage-first heap   total 55296K, used 53580K [0x0000000701200000, 0x0000000800000000)
  region size 2048K, 23 young (47104K), 4 survivors (8192K)
 Metaspace       used 23207K, committed 23616K, reserved 1114112K
  class space    used 2748K, committed 2944K, reserved 1048576K
}
Event: 2.601 GC heap after
{Heap after GC invocations=6 (full 0):
 garbage-first heap   total 63488K, used 14911K [0x0000000701200000, 0x0000000800000000)
  region size 2048K, 4 young (8192K), 4 survivors (8192K)
 Metaspace       used 23207K, committed 23616K, reserved 1114112K
  class space    used 2748K, committed 2944K, reserved 1048576K
}
Event: 2.698 GC heap before
{Heap before GC invocations=6 (full 0):
 garbage-first heap   total 63488K, used 43583K [0x0000000701200000, 0x0000000800000000)
  region size 2048K, 18 young (36864K), 4 survivors (8192K)
 Metaspace       used 24609K, committed 24960K, reserved 1114112K
  class space    used 2936K, committed 3072K, reserved 1048576K
}
Event: 2.705 GC heap after
{Heap after GC invocations=7 (full 0):
 garbage-first heap   total 63488K, used 16469K [0x0000000701200000, 0x0000000800000000)
  region size 2048K, 2 young (4096K), 2 survivors (4096K)
 Metaspace       used 24609K, committed 24960K, reserved 1114112K
  class space    used 2936K, committed 3072K, reserved 1048576K
}
Event: 2.809 GC heap before
{Heap before GC invocations=7 (full 0):
 garbage-first heap   total 63488K, used 47189K [0x0000000701200000, 0x0000000800000000)
  region size 2048K, 18 young (36864K), 2 survivors (4096K)
 Metaspace       used 26074K, committed 26496K, reserved 1114112K
  class space    used 3065K, committed 3264K, reserved 1048576K
}
Event: 2.813 GC heap after
{Heap after GC invocations=8 (full 0):
 garbage-first heap   total 63488K, used 16989K [0x0000000701200000, 0x0000000800000000)
  region size 2048K, 2 young (4096K), 2 survivors (4096K)
 Metaspace       used 26074K, committed 26496K, reserved 1114112K
  class space    used 3065K, committed 3264K, reserved 1048576K
}
Event: 2.877 GC heap before
{Heap before GC invocations=8 (full 0):
 garbage-first heap   total 63488K, used 49757K [0x0000000701200000, 0x0000000800000000)
  region size 2048K, 18 young (36864K), 2 survivors (4096K)
 Metaspace       used 27479K, committed 27840K, reserved 1114112K
  class space    used 3194K, committed 3392K, reserved 1048576K
}
Event: 2.879 GC heap after
{Heap after GC invocations=9 (full 0):
 garbage-first heap   total 163840K, used 17316K [0x0000000701200000, 0x0000000800000000)
  region size 2048K, 2 young (4096K), 2 survivors (4096K)
 Metaspace       used 27479K, committed 27840K, reserved 1114112K
  class space    used 3194K, committed 3392K, reserved 1048576K
}
Event: 3.122 GC heap before
{Heap before GC invocations=9 (full 0):
 garbage-first heap   total 163840K, used 109476K [0x0000000701200000, 0x0000000800000000)
  region size 2048K, 48 young (98304K), 2 survivors (4096K)
 Metaspace       used 31337K, committed 31744K, reserved 1114112K
  class space    used 3635K, committed 3840K, reserved 1048576K
}
Event: 3.125 GC heap after
{Heap after GC invocations=10 (full 0):
 garbage-first heap   total 163840K, used 18107K [0x0000000701200000, 0x0000000800000000)
  region size 2048K, 2 young (4096K), 2 survivors (4096K)
 Metaspace       used 31337K, committed 31744K, reserved 1114112K
  class space    used 3635K, committed 3840K, reserved 1048576K
}
Event: 3.493 GC heap before
{Heap before GC invocations=10 (full 0):
 garbage-first heap   total 163840K, used 89787K [0x0000000701200000, 0x0000000800000000)
  region size 2048K, 38 young (77824K), 2 survivors (4096K)
 Metaspace       used 35544K, committed 35968K, reserved 1114112K
  class space    used 4141K, committed 4352K, reserved 1048576K
}
Event: 3.498 GC heap after
{Heap after GC invocations=11 (full 0):
 garbage-first heap   total 163840K, used 20480K [0x0000000701200000, 0x0000000800000000)
  region size 2048K, 3 young (6144K), 3 survivors (6144K)
 Metaspace       used 35544K, committed 35968K, reserved 1114112K
  class space    used 4141K, committed 4352K, reserved 1048576K
}
Event: 3.995 GC heap before
{Heap before GC invocations=12 (full 0):
 garbage-first heap   total 69632K, used 69632K [0x0000000701200000, 0x0000000800000000)
  region size 2048K, 27 young (55296K), 3 survivors (6144K)
 Metaspace       used 38561K, committed 39104K, reserved 1114112K
  class space    used 4576K, committed 4800K, reserved 1048576K
}

