# JRE version: OpenJDK Runtime Environment Microsoft-13106404 (21.0.10+7) (build 21.0.10+7-LTS)
# Java VM: OpenJDK 64-Bit Server VM Microsoft-13106404 (21.0.10+7-LTS, mixed mode, sharing, tiered, compressed oops, compressed class ptrs, g1 gc, windows-amd64)
GC Precious Log:
 CardTable entry size: 512
 Card Set container configuration: InlinePtr #cards 4 size 8 Array Of Cards #cards 16 size 48 Howl #buckets 8 coarsen threshold 3686 Howl Bitmap #cards 512 size 80 coarsen threshold 460 Card regions per heap region 1 cards per card region 4096
 CPUs: 12 total, 12 available
 Memory: 16310M
 Large Page Support: Disabled
 NUMA Support: Disabled
 Compressed Oops: Enabled (Zero based)
 Heap Region Size: 2M
 Heap Min Capacity: 8M
 Heap Initial Capacity: 256M
 Heap Max Capacity: 4078M
 Pre-touch: Disabled
 Parallel Workers: 10
 Concurrent Workers: 3
 Concurrent Refinement Workers: 10
 Periodic GC: Disabled
Heap:
 garbage-first heap   total 122880K, used 41471K [0x0000000701200000, 0x0000000800000000)
  region size 2048K, 10 young (20480K), 3 survivors (6144K)
 Metaspace       used 63147K, committed 63744K, reserved 1114112K
  class space    used 7505K, committed 7744K, reserved 1048576K
GC Heap History (20 events):
Event: 3.861 GC heap before
{Heap before GC invocations=13 (full 0):
 garbage-first heap   total 75776K, used 74527K [0x0000000701200000, 0x0000000800000000)
  region size 2048K, 29 young (59392K), 3 survivors (6144K)
 Metaspace       used 38155K, committed 38656K, reserved 1114112K
  class space    used 4451K, committed 4672K, reserved 1048576K
}
Event: 3.870 GC heap after
{Heap after GC invocations=14 (full 0):
 garbage-first heap   total 83968K, used 23184K [0x0000000701200000, 0x0000000800000000)
  region size 2048K, 4 young (8192K), 4 survivors (8192K)
 Metaspace       used 38155K, committed 38656K, reserved 1114112K
  class space    used 4451K, committed 4672K, reserved 1048576K
}
Event: 4.153 GC heap before
{Heap before GC invocations=14 (full 0):
 garbage-first heap   total 83968K, used 64144K [0x0000000701200000, 0x0000000800000000)
  region size 2048K, 24 young (49152K), 4 survivors (8192K)
 Metaspace       used 40707K, committed 41216K, reserved 1114112K
  class space    used 4767K, committed 4992K, reserved 1048576K
}
Event: 4.166 GC heap after
{Heap after GC invocations=15 (full 0):
 garbage-first heap   total 102400K, used 23634K [0x0000000701200000, 0x0000000800000000)
  region size 2048K, 2 young (4096K), 2 survivors (4096K)
 Metaspace       used 40707K, committed 41216K, reserved 1114112K
  class space    used 4767K, committed 4992K, reserved 1048576K
}
Event: 4.509 GC heap before
{Heap before GC invocations=15 (full 0):
 garbage-first heap   total 102400K, used 80978K [0x0000000701200000, 0x0000000800000000)
  region size 2048K, 30 young (61440K), 2 survivors (4096K)
 Metaspace       used 43606K, committed 44096K, reserved 1114112K
  class space    used 5140K, committed 5376K, reserved 1048576K
}
Event: 4.515 GC heap after
{Heap after GC invocations=16 (full 0):
 garbage-first heap   total 102400K, used 25156K [0x0000000701200000, 0x0000000800000000)
  region size 2048K, 3 young (6144K), 3 survivors (6144K)
 Metaspace       used 43606K, committed 44096K, reserved 1114112K
  class space    used 5140K, committed 5376K, reserved 1048576K
}
Event: 4.805 GC heap before
{Heap before GC invocations=16 (full 0):
 garbage-first heap   total 102400K, used 80452K [0x0000000701200000, 0x0000000800000000)
  region size 2048K, 30 young (61440K), 3 survivors (6144K)
 Metaspace       used 46946K, committed 47488K, reserved 1114112K
  class space    used 5591K, committed 5824K, reserved 1048576K
}
Event: 4.812 GC heap after
{Heap after GC invocations=17 (full 0):
 garbage-first heap   total 102400K, used 25464K [0x0000000701200000, 0x0000000800000000)
  region size 2048K, 2 young (4096K), 2 survivors (4096K)
 Metaspace       used 46946K, committed 47488K, reserved 1114112K
  class space    used 5591K, committed 5824K, reserved 1048576K
}
Event: 5.070 GC heap before
{Heap before GC invocations=17 (full 0):
 garbage-first heap   total 102400K, used 82808K [0x0000000701200000, 0x0000000800000000)
  region size 2048K, 30 young (61440K), 2 survivors (4096K)
 Metaspace       used 50072K, committed 50688K, reserved 1114112K
  class space    used 6066K, committed 6336K, reserved 1048576K
}
Event: 5.076 GC heap after
{Heap after GC invocations=18 (full 0):
 garbage-first heap   total 102400K, used 26598K [0x0000000701200000, 0x0000000800000000)
  region size 2048K, 3 young (6144K), 3 survivors (6144K)
 Metaspace       used 50072K, committed 50688K, reserved 1114112K
  class space    used 6066K, committed 6336K, reserved 1048576K
}
Event: 5.255 GC heap before
{Heap before GC invocations=18 (full 0):
 garbage-first heap   total 102400K, used 81894K [0x0000000701200000, 0x0000000800000000)
  region size 2048K, 30 young (61440K), 3 survivors (6144K)
 Metaspace       used 52656K, committed 53248K, reserved 1114112K
  class space    used 6280K, committed 6528K, reserved 1048576K
}
Event: 5.261 GC heap after
{Heap after GC invocations=19 (full 0):
 garbage-first heap   total 124928K, used 27449K [0x0000000701200000, 0x0000000800000000)
  region size 2048K, 2 young (4096K), 2 survivors (4096K)
 Metaspace       used 52656K, committed 53248K, reserved 1114112K
  class space    used 6280K, committed 6528K, reserved 1048576K
}
Event: 5.483 GC heap before
{Heap before GC invocations=19 (full 0):
 garbage-first heap   total 124928K, used 97081K [0x0000000701200000, 0x0000000800000000)
  region size 2048K, 36 young (73728K), 2 survivors (4096K)
 Metaspace       used 55398K, committed 55936K, reserved 1114112K
  class space    used 6564K, committed 6784K, reserved 1048576K
}
Event: 5.488 GC heap after
{Heap after GC invocations=20 (full 0):
 garbage-first heap   total 124928K, used 28177K [0x0000000701200000, 0x0000000800000000)
  region size 2048K, 3 young (6144K), 3 survivors (6144K)
 Metaspace       used 55398K, committed 55936K, reserved 1114112K
  class space    used 6564K, committed 6784K, reserved 1048576K
}
Event: 5.784 GC heap before
{Heap before GC invocations=20 (full 0):
 garbage-first heap   total 124928K, used 95761K [0x0000000701200000, 0x0000000800000000)
  region size 2048K, 36 young (73728K), 3 survivors (6144K)
 Metaspace       used 58934K, committed 59520K, reserved 1114112K
  class space    used 7018K, committed 7232K, reserved 1048576K
}
Event: 5.790 GC heap after
{Heap after GC invocations=21 (full 0):
 garbage-first heap   total 124928K, used 28203K [0x0000000701200000, 0x0000000800000000)
  region size 2048K, 3 young (6144K), 3 survivors (6144K)
 Metaspace       used 58934K, committed 59520K, reserved 1114112K
  class space    used 7018K, committed 7232K, reserved 1048576K
}
Event: 5.867 GC heap before
{Heap before GC invocations=21 (full 0):
 garbage-first heap   total 124928K, used 40491K [0x0000000701200000, 0x0000000800000000)
  region size 2048K, 10 young (20480K), 3 survivors (6144K)
 Metaspace       used 59721K, committed 60288K, reserved 1114112K
  class space    used 7100K, committed 7360K, reserved 1048576K
}
Event: 5.873 GC heap after
{Heap after GC invocations=22 (full 0):
 garbage-first heap   total 124928K, used 28645K [0x0000000701200000, 0x0000000800000000)
  region size 2048K, 3 young (6144K), 3 survivors (6144K)
 Metaspace       used 59721K, committed 60288K, reserved 1114112K
  class space    used 7100K, committed 7360K, reserved 1048576K
}
Event: 6.142 GC heap before
{Heap before GC invocations=23 (full 0):
 garbage-first heap   total 102400K, used 83941K [0x0000000701200000, 0x0000000800000000)
  region size 2048K, 30 young (61440K), 3 survivors (6144K)
 Metaspace       used 62532K, committed 63104K, reserved 1114112K
  class space    used 7409K, committed 7616K, reserved 1048576K
}
Event: 6.149 GC heap after
{Heap after GC invocations=24 (full 0):
 garbage-first heap   total 122880K, used 29183K [0x0000000701200000, 0x0000000800000000)
  region size 2048K, 3 young (6144K), 3 survivors (6144K)
 Metaspace       used 62532K, committed 63104K, reserved 1114112K
  class space    used 7409K, committed 7616K, reserved 1048576K
}

