# JRE version: OpenJDK Runtime Environment Microsoft-13106404 (21.0.10+7) (build 21.0.10+7-LTS)
# Java VM: OpenJDK 64-Bit Server VM Microsoft-13106404 (21.0.10+7-LTS, mixed mode, sharing, tiered, compressed oops, compressed class ptrs, g1 gc, windows-amd64)
GC Precious Log:
 CardTable entry size: 512
 Card Set container configuration: InlinePtr #cards 4 size 8 Array Of Cards #cards 16 size 48 Howl #buckets 8 coarsen threshold 3686 Howl Bitmap #cards 512 size 80 coarsen threshold 460 Card regions per heap region 1 cards per card region 4096
 CPUs: 12 total, 12 available
 Memory: 16310M
 Large Page Support: Disabled
 NUMA Support: Disabled
 Compressed Oops: Enabled (Zero based)
 Heap Region Size: 2M
 Heap Min Capacity: 8M
 Heap Initial Capacity: 256M
 Heap Max Capacity: 4078M
 Pre-touch: Disabled
 Parallel Workers: 10
 Concurrent Workers: 3
 Concurrent Refinement Workers: 10
 Periodic GC: Disabled
Heap:
 garbage-first heap   total 149504K, used 106789K [0x0000000701200000, 0x0000000800000000)
  region size 2048K, 22 young (45056K), 2 survivors (4096K)
 Metaspace       used 39088K, committed 39552K, reserved 1114112K
  class space    used 4329K, committed 4544K, reserved 1048576K
GC Heap History (20 events):
Event: 0.457 GC heap before
{Heap before GC invocations=0 (full 0):
 garbage-first heap   total 262144K, used 22528K [0x0000000701200000, 0x0000000800000000)
  region size 2048K, 11 young (22528K), 0 survivors (0K)
 Metaspace       used 5670K, committed 5824K, reserved 1114112K
  class space    used 671K, committed 768K, reserved 1048576K
}
Event: 0.460 GC heap after
{Heap after GC invocations=1 (full 0):
 garbage-first heap   total 262144K, used 3839K [0x0000000701200000, 0x0000000800000000)
  region size 2048K, 2 young (4096K), 2 survivors (4096K)
 Metaspace       used 5670K, committed 5824K, reserved 1114112K
  class space    used 671K, committed 768K, reserved 1048576K
}
Event: 0.910 GC heap before
{Heap before GC invocations=1 (full 0):
 garbage-first heap   total 262144K, used 36607K [0x0000000701200000, 0x0000000800000000)
  region size 2048K, 18 young (36864K), 2 survivors (4096K)
 Metaspace       used 10048K, committed 10240K, reserved 1114112K
  class space    used 1214K, committed 1280K, reserved 1048576K
}
Event: 0.913 GC heap after
{Heap after GC invocations=2 (full 0):
 garbage-first heap   total 262144K, used 5367K [0x0000000701200000, 0x0000000800000000)
  region size 2048K, 1 young (2048K), 1 survivors (2048K)
 Metaspace       used 10048K, committed 10240K, reserved 1114112K
  class space    used 1214K, committed 1280K, reserved 1048576K
}
Event: 3.165 GC heap before
{Heap before GC invocations=2 (full 0):
 garbage-first heap   total 262144K, used 156919K [0x0000000701200000, 0x0000000800000000)
  region size 2048K, 76 young (155648K), 1 survivors (2048K)
 Metaspace       used 18464K, committed 18816K, reserved 1114112K
  class space    used 2098K, committed 2240K, reserved 1048576K
}
Event: 3.174 GC heap after
{Heap after GC invocations=3 (full 0):
 garbage-first heap   total 262144K, used 17484K [0x0000000701200000, 0x0000000800000000)
  region size 2048K, 7 young (14336K), 7 survivors (14336K)
 Metaspace       used 18464K, committed 18816K, reserved 1114112K
  class space    used 2098K, committed 2240K, reserved 1048576K
}
Event: 3.573 GC heap before
{Heap before GC invocations=3 (full 0):
 garbage-first heap   total 262144K, used 44108K [0x0000000701200000, 0x0000000800000000)
  region size 2048K, 19 young (38912K), 7 survivors (14336K)
 Metaspace       used 21196K, committed 21504K, reserved 1114112K
  class space    used 2416K, committed 2560K, reserved 1048576K
}
Event: 3.581 GC heap after
{Heap after GC invocations=4 (full 0):
 garbage-first heap   total 262144K, used 26482K [0x0000000701200000, 0x0000000800000000)
  region size 2048K, 3 young (6144K), 3 survivors (6144K)
 Metaspace       used 21196K, committed 21504K, reserved 1114112K
  class space    used 2416K, committed 2560K, reserved 1048576K
}
Event: 4.456 GC heap before
{Heap before GC invocations=5 (full 0):
 garbage-first heap   total 96256K, used 94066K [0x0000000701200000, 0x0000000800000000)
  region size 2048K, 36 young (73728K), 3 survivors (6144K)
 Metaspace       used 28197K, committed 28544K, reserved 1114112K
  class space    used 3178K, committed 3328K, reserved 1048576K
}
Event: 4.471 GC heap after
{Heap after GC invocations=6 (full 0):
 garbage-first heap   total 118784K, used 40414K [0x0000000701200000, 0x0000000800000000)
  region size 2048K, 10 young (20480K), 10 survivors (20480K)
 Metaspace       used 28197K, committed 28544K, reserved 1114112K
  class space    used 3178K, committed 3328K, reserved 1048576K
}
Event: 4.972 GC heap before
{Heap before GC invocations=6 (full 0):
 garbage-first heap   total 118784K, used 89566K [0x0000000701200000, 0x0000000800000000)
  region size 2048K, 34 young (69632K), 10 survivors (20480K)
 Metaspace       used 30105K, committed 30464K, reserved 1114112K
  class space    used 3385K, committed 3520K, reserved 1048576K
}
Event: 4.983 GC heap after
{Heap after GC invocations=7 (full 0):
 garbage-first heap   total 118784K, used 43997K [0x0000000701200000, 0x0000000800000000)
  region size 2048K, 2 young (4096K), 2 survivors (4096K)
 Metaspace       used 30105K, committed 30464K, reserved 1114112K
  class space    used 3385K, committed 3520K, reserved 1048576K
}
Event: 5.359 GC heap before
{Heap before GC invocations=7 (full 0):
 garbage-first heap   total 118784K, used 97245K [0x0000000701200000, 0x0000000800000000)
  region size 2048K, 28 young (57344K), 2 survivors (4096K)
 Metaspace       used 31342K, committed 31744K, reserved 1114112K
  class space    used 3540K, committed 3712K, reserved 1048576K
}
Event: 5.364 GC heap after
{Heap after GC invocations=8 (full 0):
 garbage-first heap   total 118784K, used 43915K [0x0000000701200000, 0x0000000800000000)
  region size 2048K, 2 young (4096K), 2 survivors (4096K)
 Metaspace       used 31342K, committed 31744K, reserved 1114112K
  class space    used 3540K, committed 3712K, reserved 1048576K
}
Event: 6.064 GC heap before
{Heap before GC invocations=8 (full 0):
 garbage-first heap   total 118784K, used 97163K [0x0000000701200000, 0x0000000800000000)
  region size 2048K, 29 young (59392K), 2 survivors (4096K)
 Metaspace       used 32947K, committed 33408K, reserved 1114112K
  class space    used 3673K, committed 3904K, reserved 1048576K
}
Event: 6.072 GC heap after
{Heap after GC invocations=9 (full 0):
 garbage-first heap   total 143360K, used 46246K [0x0000000701200000, 0x0000000800000000)
  region size 2048K, 3 young (6144K), 3 survivors (6144K)
 Metaspace       used 32947K, committed 33408K, reserved 1114112K
  class space    used 3673K, committed 3904K, reserved 1048576K
}
Event: 6.654 GC heap before
{Heap before GC invocations=9 (full 0):
 garbage-first heap   total 143360K, used 122022K [0x0000000701200000, 0x0000000800000000)
  region size 2048K, 39 young (79872K), 3 survivors (6144K)
 Metaspace       used 33963K, committed 34496K, reserved 1114112K
  class space    used 3787K, committed 4032K, reserved 1048576K
}
Event: 6.668 GC heap after
{Heap after GC invocations=10 (full 0):
 garbage-first heap   total 149504K, used 68551K [0x0000000701200000, 0x0000000800000000)
  region size 2048K, 5 young (10240K), 5 survivors (10240K)
 Metaspace       used 33963K, committed 34496K, reserved 1114112K
  class space    used 3787K, committed 4032K, reserved 1048576K
}
Event: 7.047 GC heap before
{Heap before GC invocations=10 (full 0):
 garbage-first heap   total 149504K, used 113607K [0x0000000701200000, 0x0000000800000000)
  region size 2048K, 28 young (57344K), 5 survivors (10240K)
 Metaspace       used 35465K, committed 35968K, reserved 1114112K
  class space    used 3910K, committed 4160K, reserved 1048576K
}
Event: 7.054 GC heap after
{Heap after GC invocations=11 (full 0):
 garbage-first heap   total 149504K, used 67877K [0x0000000701200000, 0x0000000800000000)
  region size 2048K, 2 young (4096K), 2 survivors (4096K)
 Metaspace       used 35465K, committed 35968K, reserved 1114112K
  class space    used 3910K, committed 4160K, reserved 1048576K
}

