# JRE version: OpenJDK Runtime Environment Microsoft-13106404 (21.0.10+7) (build 21.0.10+7-LTS)
# Java VM: OpenJDK 64-Bit Server VM Microsoft-13106404 (21.0.10+7-LTS, mixed mode, sharing, tiered, compressed oops, compressed class ptrs, g1 gc, windows-amd64)
GC Precious Log:
 CardTable entry size: 512
 Card Set container configuration: InlinePtr #cards 4 size 8 Array Of Cards #cards 16 size 48 Howl #buckets 8 coarsen threshold 3686 Howl Bitmap #cards 512 size 80 coarsen threshold 460 Card regions per heap region 1 cards per card region 4096
 CPUs: 12 total, 12 available
 Memory: 16310M
 Large Page Support: Disabled
 NUMA Support: Disabled
 Compressed Oops: Enabled (Zero based)
 Heap Region Size: 2M
 Heap Min Capacity: 8M
 Heap Initial Capacity: 256M
 Heap Max Capacity: 4078M
 Pre-touch: Disabled
 Parallel Workers: 10
 Concurrent Workers: 3
 Concurrent Refinement Workers: 10
 Periodic GC: Disabled
Heap:
 garbage-first heap   total 143360K, used 107367K [0x0000000701200000, 0x0000000800000000)
  region size 2048K, 33 young (67584K), 3 survivors (6144K)
 Metaspace       used 33127K, committed 33664K, reserved 1114112K
  class space    used 3679K, committed 3904K, reserved 1048576K
GC Heap History (16 events):
Event: 0.449 GC heap before
{Heap before GC invocations=0 (full 0):
 garbage-first heap   total 262144K, used 22528K [0x0000000701200000, 0x0000000800000000)
  region size 2048K, 11 young (22528K), 0 survivors (0K)
 Metaspace       used 5668K, committed 5824K, reserved 1114112K
  class space    used 671K, committed 768K, reserved 1048576K
}
Event: 0.452 GC heap after
{Heap after GC invocations=1 (full 0):
 garbage-first heap   total 262144K, used 3889K [0x0000000701200000, 0x0000000800000000)
  region size 2048K, 2 young (4096K), 2 survivors (4096K)
 Metaspace       used 5668K, committed 5824K, reserved 1114112K
  class space    used 671K, committed 768K, reserved 1048576K
}
Event: 0.865 GC heap before
{Heap before GC invocations=1 (full 0):
 garbage-first heap   total 262144K, used 36657K [0x0000000701200000, 0x0000000800000000)
  region size 2048K, 18 young (36864K), 2 survivors (4096K)
 Metaspace       used 10039K, committed 10176K, reserved 1114112K
  class space    used 1213K, committed 1280K, reserved 1048576K
}
Event: 0.869 GC heap after
{Heap after GC invocations=2 (full 0):
 garbage-first heap   total 262144K, used 5534K [0x0000000701200000, 0x0000000800000000)
  region size 2048K, 1 young (2048K), 1 survivors (2048K)
 Metaspace       used 10039K, committed 10176K, reserved 1114112K
  class space    used 1213K, committed 1280K, reserved 1048576K
}
Event: 2.976 GC heap before
{Heap before GC invocations=2 (full 0):
 garbage-first heap   total 262144K, used 157086K [0x0000000701200000, 0x0000000800000000)
  region size 2048K, 76 young (155648K), 1 survivors (2048K)
 Metaspace       used 18475K, committed 18816K, reserved 1114112K
  class space    used 2098K, committed 2240K, reserved 1048576K
}
Event: 2.985 GC heap after
{Heap after GC invocations=3 (full 0):
 garbage-first heap   total 262144K, used 17596K [0x0000000701200000, 0x0000000800000000)
  region size 2048K, 7 young (14336K), 7 survivors (14336K)
 Metaspace       used 18475K, committed 18816K, reserved 1114112K
  class space    used 2098K, committed 2240K, reserved 1048576K
}
Event: 3.283 GC heap before
{Heap before GC invocations=3 (full 0):
 garbage-first heap   total 262144K, used 44220K [0x0000000701200000, 0x0000000800000000)
  region size 2048K, 19 young (38912K), 7 survivors (14336K)
 Metaspace       used 21198K, committed 21504K, reserved 1114112K
  class space    used 2416K, committed 2560K, reserved 1048576K
}
Event: 3.291 GC heap after
{Heap after GC invocations=4 (full 0):
 garbage-first heap   total 262144K, used 27130K [0x0000000701200000, 0x0000000800000000)
  region size 2048K, 3 young (6144K), 3 survivors (6144K)
 Metaspace       used 21198K, committed 21504K, reserved 1114112K
  class space    used 2416K, committed 2560K, reserved 1048576K
}
Event: 4.131 GC heap before
{Heap before GC invocations=5 (full 0):
 garbage-first heap   total 96256K, used 94714K [0x0000000701200000, 0x0000000800000000)
  region size 2048K, 36 young (73728K), 3 survivors (6144K)
 Metaspace       used 28064K, committed 28416K, reserved 1114112K
  class space    used 3167K, committed 3328K, reserved 1048576K
}
Event: 4.145 GC heap after
{Heap after GC invocations=6 (full 0):
 garbage-first heap   total 118784K, used 41062K [0x0000000701200000, 0x0000000800000000)
  region size 2048K, 10 young (20480K), 10 survivors (20480K)
 Metaspace       used 28064K, committed 28416K, reserved 1114112K
  class space    used 3167K, committed 3328K, reserved 1048576K
}
Event: 4.676 GC heap before
{Heap before GC invocations=6 (full 0):
 garbage-first heap   total 118784K, used 90214K [0x0000000701200000, 0x0000000800000000)
  region size 2048K, 34 young (69632K), 10 survivors (20480K)
 Metaspace       used 30040K, committed 30400K, reserved 1114112K
  class space    used 3382K, committed 3520K, reserved 1048576K
}
Event: 4.687 GC heap after
{Heap after GC invocations=7 (full 0):
 garbage-first heap   total 118784K, used 44030K [0x0000000701200000, 0x0000000800000000)
  region size 2048K, 2 young (4096K), 2 survivors (4096K)
 Metaspace       used 30040K, committed 30400K, reserved 1114112K
  class space    used 3382K, committed 3520K, reserved 1048576K
}
Event: 5.040 GC heap before
{Heap before GC invocations=7 (full 0):
 garbage-first heap   total 118784K, used 97278K [0x0000000701200000, 0x0000000800000000)
  region size 2048K, 28 young (57344K), 2 survivors (4096K)
 Metaspace       used 31220K, committed 31616K, reserved 1114112K
  class space    used 3515K, committed 3648K, reserved 1048576K
}
Event: 5.045 GC heap after
{Heap after GC invocations=8 (full 0):
 garbage-first heap   total 118784K, used 43925K [0x0000000701200000, 0x0000000800000000)
  region size 2048K, 2 young (4096K), 2 survivors (4096K)
 Metaspace       used 31220K, committed 31616K, reserved 1114112K
  class space    used 3515K, committed 3648K, reserved 1048576K
}
Event: 5.774 GC heap before
{Heap before GC invocations=8 (full 0):
 garbage-first heap   total 118784K, used 99221K [0x0000000701200000, 0x0000000800000000)
  region size 2048K, 29 young (59392K), 2 survivors (4096K)
 Metaspace       used 32910K, committed 33408K, reserved 1114112K
  class space    used 3668K, committed 3904K, reserved 1048576K
}
Event: 5.782 GC heap after
{Heap after GC invocations=9 (full 0):
 garbage-first heap   total 143360K, used 45927K [0x0000000701200000, 0x0000000800000000)
  region size 2048K, 3 young (6144K), 3 survivors (6144K)
 Metaspace       used 32910K, committed 33408K, reserved 1114112K
  class space    used 3668K, committed 3904K, reserved 1048576K
}

